# JRE version: OpenJDK Runtime Environment Corretto-18.0.2.9.1 (18.0.2+9) (build 18.0.2+9-FR)
# Java VM: OpenJDK 64-Bit Server VM Corretto-18.0.2.9.1 (18.0.2+9-FR, mixed mode, sharing, tiered, compressed oops, compressed class ptrs, g1 gc, windows-amd64)
GC Precious Log:
 CardTable entry size: 512
 Card Set container configuration: InlinePtr #cards 5 size 8 Array Of Cards #cards 12 size 40 Howl #buckets 4 coarsen threshold 1843 Howl Bitmap #cards 512 size 80 coarsen threshold 460 Card regions per heap region 1 cards per card region 2048
 CPUs: 4 total, 4 available
 Memory: 3984M
 Large Page Support: Disabled
 NUMA Support: Disabled
 Compressed Oops: Enabled (32-bit)
 Heap Region Size: 1M
 Heap Min Capacity: 8M
 Heap Initial Capacity: 64M
 Heap Max Capacity: 998M
 Pre-touch: Disabled
 Parallel Workers: 4
 Concurrent Workers: 1
 Concurrent Refinement Workers: 4
 Periodic GC: Disabled
Heap:
 garbage-first heap   total 106496K, used 64072K [0x00000000c1a00000, 0x0000000100000000)
  region size 1024K, 5 young (5120K), 1 survivors (1024K)
 Metaspace       used 15792K, committed 16192K, reserved 1114112K
  class space    used 2176K, committed 2368K, reserved 1048576K
GC Heap History (10 events):
Event: 1.669 GC heap before
{Heap before GC invocations=0 (full 0):
 garbage-first heap   total 65536K, used 12288K [0x00000000c1a00000, 0x0000000100000000)
  region size 1024K, 13 young (13312K), 0 survivors (0K)
 Metaspace       used 2798K, committed 3008K, reserved 1114112K
  class space    used 289K, committed 384K, reserved 1048576K
}
Event: 2.242 GC heap after
{Heap after GC invocations=1 (full 0):
 garbage-first heap   total 65536K, used 1736K [0x00000000c1a00000, 0x0000000100000000)
  region size 1024K, 2 young (2048K), 2 survivors (2048K)
 Metaspace       used 2798K, committed 3008K, reserved 1114112K
  class space    used 289K, committed 384K, reserved 1048576K
}
Event: 5.117 GC heap before
{Heap before GC invocations=1 (full 0):
 garbage-first heap   total 65536K, used 18120K [0x00000000c1a00000, 0x0000000100000000)
  region size 1024K, 19 young (19456K), 2 survivors (2048K)
 Metaspace       used 8181K, committed 8448K, reserved 1114112K
  class space    used 1044K, committed 1152K, reserved 1048576K
}
Event: 5.126 GC heap after
{Heap after GC invocations=2 (full 0):
 garbage-first heap   total 65536K, used 4888K [0x00000000c1a00000, 0x0000000100000000)
  region size 1024K, 3 young (3072K), 3 survivors (3072K)
 Metaspace       used 8181K, committed 8448K, reserved 1114112K
  class space    used 1044K, committed 1152K, reserved 1048576K
}
Event: 6.399 GC heap before
{Heap before GC invocations=2 (full 0):
 garbage-first heap   total 65536K, used 38680K [0x00000000c1a00000, 0x0000000100000000)
  region size 1024K, 16 young (16384K), 3 survivors (3072K)
 Metaspace       used 10126K, committed 10432K, reserved 1114112K
  class space    used 1333K, committed 1472K, reserved 1048576K
}
Event: 6.411 GC heap after
{Heap after GC invocations=3 (full 0):
 garbage-first heap   total 65536K, used 26497K [0x00000000c1a00000, 0x0000000100000000)
  region size 1024K, 2 young (2048K), 2 survivors (2048K)
 Metaspace       used 10126K, committed 10432K, reserved 1114112K
  class space    used 1333K, committed 1472K, reserved 1048576K
}
Event: 8.045 GC heap before
{Heap before GC invocations=3 (full 0):
 garbage-first heap   total 82944K, used 75649K [0x00000000c1a00000, 0x0000000100000000)
  region size 1024K, 20 young (20480K), 2 survivors (2048K)
 Metaspace       used 14772K, committed 14976K, reserved 1114112K
  class space    used 2149K, committed 2240K, reserved 1048576K
}
Event: 8.054 GC heap after
{Heap after GC invocations=4 (full 0):
 garbage-first heap   total 82944K, used 58716K [0x00000000c1a00000, 0x0000000100000000)
  region size 1024K, 3 young (3072K), 3 survivors (3072K)
 Metaspace       used 14772K, committed 14976K, reserved 1114112K
  class space    used 2149K, committed 2240K, reserved 1048576K
}
Event: 8.064 GC heap before
{Heap before GC invocations=4 (full 0):
 garbage-first heap   total 82944K, used 58716K [0x00000000c1a00000, 0x0000000100000000)
  region size 1024K, 4 young (4096K), 3 survivors (3072K)
 Metaspace       used 14836K, committed 15168K, reserved 1114112K
  class space    used 2153K, committed 2304K, reserved 1048576K
}
Event: 8.070 GC heap after
{Heap after GC invocations=5 (full 0):
 garbage-first heap   total 82944K, used 58952K [0x00000000c1a00000, 0x0000000100000000)
  region size 1024K, 1 young (1024K), 1 survivors (1024K)
 Metaspace       used 14836K, committed 15168K, reserved 1114112K
  class space    used 2153K, committed 2304K, reserved 1048576K
}

