# JRE version: OpenJDK Runtime Environment Corretto-18.0.2.9.1 (18.0.2+9) (build 18.0.2+9-FR)
# Java VM: OpenJDK 64-Bit Server VM Corretto-18.0.2.9.1 (18.0.2+9-FR, mixed mode, sharing, tiered, compressed oops, compressed class ptrs, g1 gc, windows-amd64)
GC Precious Log:
 CardTable entry size: 512
 Card Set container configuration: InlinePtr #cards 5 size 8 Array Of Cards #cards 12 size 40 Howl #buckets 4 coarsen threshold 1843 Howl Bitmap #cards 512 size 80 coarsen threshold 460 Card regions per heap region 1 cards per card region 2048
 CPUs: 4 total, 4 available
 Memory: 3984M
 Large Page Support: Disabled
 NUMA Support: Disabled
 Compressed Oops: Enabled (32-bit)
 Heap Region Size: 1M
 Heap Min Capacity: 8M
 Heap Initial Capacity: 64M
 Heap Max Capacity: 998M
 Pre-touch: Disabled
 Parallel Workers: 4
 Concurrent Workers: 1
 Concurrent Refinement Workers: 4
 Periodic GC: Disabled
Heap:
 garbage-first heap   total 71680K, used 49746K [0x00000000c1a00000, 0x0000000100000000)
  region size 1024K, 19 young (19456K), 1 survivors (1024K)
 Metaspace       used 16366K, committed 16704K, reserved 1114112K
  class space    used 2199K, committed 2368K, reserved 1048576K
GC Heap History (8 events):
Event: 4.660 GC heap before
{Heap before GC invocations=0 (full 0):
 garbage-first heap   total 65536K, used 13312K [0x00000000c1a00000, 0x0000000100000000)
  region size 1024K, 13 young (13312K), 0 survivors (0K)
 Metaspace       used 2841K, committed 3072K, reserved 1114112K
  class space    used 293K, committed 384K, reserved 1048576K
}
Event: 4.703 GC heap after
{Heap after GC invocations=1 (full 0):
 garbage-first heap   total 65536K, used 1776K [0x00000000c1a00000, 0x0000000100000000)
  region size 1024K, 2 young (2048K), 2 survivors (2048K)
 Metaspace       used 2841K, committed 3072K, reserved 1114112K
  class space    used 293K, committed 384K, reserved 1048576K
}
Event: 7.535 GC heap before
{Heap before GC invocations=1 (full 0):
 garbage-first heap   total 65536K, used 18160K [0x00000000c1a00000, 0x0000000100000000)
  region size 1024K, 19 young (19456K), 2 survivors (2048K)
 Metaspace       used 8092K, committed 8320K, reserved 1114112K
  class space    used 1036K, committed 1152K, reserved 1048576K
}
Event: 7.570 GC heap after
{Heap after GC invocations=2 (full 0):
 garbage-first heap   total 65536K, used 4237K [0x00000000c1a00000, 0x0000000100000000)
  region size 1024K, 3 young (3072K), 3 survivors (3072K)
 Metaspace       used 8092K, committed 8320K, reserved 1114112K
  class space    used 1036K, committed 1152K, reserved 1048576K
}
Event: 17.746 GC heap before
{Heap before GC invocations=2 (full 0):
 garbage-first heap   total 65536K, used 63629K [0x00000000c1a00000, 0x0000000100000000)
  region size 1024K, 37 young (37888K), 3 survivors (3072K)
 Metaspace       used 15903K, committed 16256K, reserved 1114112K
  class space    used 2199K, committed 2368K, reserved 1048576K
}
Event: 17.758 GC heap after
{Heap after GC invocations=3 (full 0):
 garbage-first heap   total 71680K, used 31233K [0x00000000c1a00000, 0x0000000100000000)
  region size 1024K, 5 young (5120K), 5 survivors (5120K)
 Metaspace       used 15903K, committed 16256K, reserved 1114112K
  class space    used 2199K, committed 2368K, reserved 1048576K
}
Event: 174.450 GC heap before
{Heap before GC invocations=3 (full 0):
 garbage-first heap   total 71680K, used 54785K [0x00000000c1a00000, 0x0000000100000000)
  region size 1024K, 28 young (28672K), 5 survivors (5120K)
 Metaspace       used 16342K, committed 16704K, reserved 1114112K
  class space    used 2199K, committed 2368K, reserved 1048576K
}
Event: 174.459 GC heap after
{Heap after GC invocations=4 (full 0):
 garbage-first heap   total 71680K, used 32338K [0x00000000c1a00000, 0x0000000100000000)
  region size 1024K, 1 young (1024K), 1 survivors (1024K)
 Metaspace       used 16342K, committed 16704K, reserved 1114112K
  class space    used 2199K, committed 2368K, reserved 1048576K
}

